<?xml version="1.0" encoding="UTF-8" ?>
<testsuite tests="5" failures="0" name="ec.edu.espe.medicbyte.service.impl.SpecialityServiceImplTest" time="0.003" errors="0" skipped="0">
  <properties>
[...]
</properties>
  <testcase classname="ec.edu.espe.medicbyte.service.impl.SpecialityServiceImplTest" name="ec.edu.espe.medicbyte.service.impl.SpecialityServiceImplTest.testSpecialityFields" time="0"/>
  <testcase classname="ec.edu.espe.medicbyte.service.impl.SpecialityServiceImplTest" name="ec.edu.espe.medicbyte.service.impl.SpecialityServiceImplTest.testSpecialitiesListNotEmpty" time="0"/>
  <testcase classname="ec.edu.espe.medicbyte.service.impl.SpecialityServiceImplTest" name="ec.edu.espe.medicbyte.service.impl.SpecialityServiceImplTest.testSpecialityById" time="0"/>
  <testcase classname="ec.edu.espe.medicbyte.service.impl.SpecialityServiceImplTest" name="ec.edu.espe.medicbyte.service.impl.SpecialityServiceImplTest.testAddSpeciality" time="0.002"/>
  <testcase classname="ec.edu.espe.medicbyte.service.impl.SpecialityServiceImplTest" name="ec.edu.espe.medicbyte.service.impl.SpecialityServiceImplTest.testSpecialityByName" time="0.001"/>
</testsuite>